M=  1, N=4096, K=4096, cost=   0.063, config=BLOCK_TILE_M= 16, BLOCK_TILE_N= 32, TILE_K= 16, THREAD_TILE_M=  4, THREAD_TILE_N=  4, IS_ALIGNED_M=  0
M=  2, N=4096, K=4096, cost=   0.062, config=BLOCK_TILE_M= 16, BLOCK_TILE_N= 32, TILE_K= 16, THREAD_TILE_M=  4, THREAD_TILE_N=  4, IS_ALIGNED_M=  0
M=  3, N=4096, K=4096, cost=   0.062, config=BLOCK_TILE_M= 16, BLOCK_TILE_N= 32, TILE_K= 16, THREAD_TILE_M=  4, THREAD_TILE_N=  4, IS_ALIGNED_M=  0
M=  4, N=4096, K=4096, cost=   0.062, config=BLOCK_TILE_M= 16, BLOCK_TILE_N= 32, TILE_K= 16, THREAD_TILE_M=  4, THREAD_TILE_N=  4, IS_ALIGNED_M=  0
M=  5, N=4096, K=4096, cost=   0.062, config=BLOCK_TILE_M= 16, BLOCK_TILE_N= 32, TILE_K= 16, THREAD_TILE_M=  4, THREAD_TILE_N=  4, IS_ALIGNED_M=  0
M=  6, N=4096, K=4096, cost=   0.062, config=BLOCK_TILE_M= 16, BLOCK_TILE_N= 32, TILE_K= 16, THREAD_TILE_M=  4, THREAD_TILE_N=  4, IS_ALIGNED_M=  0
M=  7, N=4096, K=4096, cost=   0.062, config=BLOCK_TILE_M= 16, BLOCK_TILE_N= 32, TILE_K= 16, THREAD_TILE_M=  4, THREAD_TILE_N=  4, IS_ALIGNED_M=  0
M=  8, N=4096, K=4096, cost=   0.062, config=BLOCK_TILE_M= 16, BLOCK_TILE_N= 32, TILE_K= 16, THREAD_TILE_M=  4, THREAD_TILE_N=  4, IS_ALIGNED_M=  0
M=  9, N=4096, K=4096, cost=   0.062, config=BLOCK_TILE_M= 16, BLOCK_TILE_N= 32, TILE_K= 16, THREAD_TILE_M=  4, THREAD_TILE_N=  4, IS_ALIGNED_M=  0
M= 10, N=4096, K=4096, cost=   0.062, config=BLOCK_TILE_M= 16, BLOCK_TILE_N= 32, TILE_K= 16, THREAD_TILE_M=  4, THREAD_TILE_N=  4, IS_ALIGNED_M=  0
M= 11, N=4096, K=4096, cost=   0.062, config=BLOCK_TILE_M= 16, BLOCK_TILE_N= 32, TILE_K= 16, THREAD_TILE_M=  4, THREAD_TILE_N=  4, IS_ALIGNED_M=  0
M= 12, N=4096, K=4096, cost=   0.063, config=BLOCK_TILE_M= 16, BLOCK_TILE_N= 32, TILE_K= 16, THREAD_TILE_M=  4, THREAD_TILE_N=  4, IS_ALIGNED_M=  0
M= 13, N=4096, K=4096, cost=   0.062, config=BLOCK_TILE_M= 16, BLOCK_TILE_N= 32, TILE_K= 16, THREAD_TILE_M=  4, THREAD_TILE_N=  4, IS_ALIGNED_M=  0
M= 14, N=4096, K=4096, cost=   0.062, config=BLOCK_TILE_M= 16, BLOCK_TILE_N= 32, TILE_K= 16, THREAD_TILE_M=  4, THREAD_TILE_N=  4, IS_ALIGNED_M=  0
M= 15, N=4096, K=4096, cost=   0.062, config=BLOCK_TILE_M= 16, BLOCK_TILE_N= 32, TILE_K= 16, THREAD_TILE_M=  4, THREAD_TILE_N=  4, IS_ALIGNED_M=  0
M= 16, N=4096, K=4096, cost=   0.062, config=BLOCK_TILE_M= 16, BLOCK_TILE_N= 32, TILE_K= 16, THREAD_TILE_M=  4, THREAD_TILE_N=  4, IS_ALIGNED_M=  0
M= 17, N=4096, K=4096, cost=   0.064, config=BLOCK_TILE_M= 32, BLOCK_TILE_N= 32, TILE_K= 16, THREAD_TILE_M=  4, THREAD_TILE_N=  4, IS_ALIGNED_M=  0
M= 18, N=4096, K=4096, cost=   0.064, config=BLOCK_TILE_M= 32, BLOCK_TILE_N= 32, TILE_K= 16, THREAD_TILE_M=  4, THREAD_TILE_N=  4, IS_ALIGNED_M=  0
M= 19, N=4096, K=4096, cost=   0.064, config=BLOCK_TILE_M= 32, BLOCK_TILE_N= 32, TILE_K= 16, THREAD_TILE_M=  4, THREAD_TILE_N=  4, IS_ALIGNED_M=  0
M= 20, N=4096, K=4096, cost=   0.064, config=BLOCK_TILE_M= 32, BLOCK_TILE_N= 32, TILE_K= 16, THREAD_TILE_M=  4, THREAD_TILE_N=  4, IS_ALIGNED_M=  0
M= 21, N=4096, K=4096, cost=   0.064, config=BLOCK_TILE_M= 32, BLOCK_TILE_N= 32, TILE_K= 16, THREAD_TILE_M=  4, THREAD_TILE_N=  4, IS_ALIGNED_M=  0
M= 22, N=4096, K=4096, cost=   0.064, config=BLOCK_TILE_M= 32, BLOCK_TILE_N= 32, TILE_K= 16, THREAD_TILE_M=  4, THREAD_TILE_N=  4, IS_ALIGNED_M=  0
M= 23, N=4096, K=4096, cost=   0.064, config=BLOCK_TILE_M= 32, BLOCK_TILE_N= 32, TILE_K= 16, THREAD_TILE_M=  4, THREAD_TILE_N=  4, IS_ALIGNED_M=  0
M= 24, N=4096, K=4096, cost=   0.064, config=BLOCK_TILE_M= 32, BLOCK_TILE_N= 32, TILE_K= 16, THREAD_TILE_M=  4, THREAD_TILE_N=  4, IS_ALIGNED_M=  0
M= 25, N=4096, K=4096, cost=   0.064, config=BLOCK_TILE_M= 32, BLOCK_TILE_N= 32, TILE_K= 16, THREAD_TILE_M=  4, THREAD_TILE_N=  4, IS_ALIGNED_M=  0
M= 26, N=4096, K=4096, cost=   0.064, config=BLOCK_TILE_M= 32, BLOCK_TILE_N= 32, TILE_K= 16, THREAD_TILE_M=  4, THREAD_TILE_N=  4, IS_ALIGNED_M=  0
M= 27, N=4096, K=4096, cost=   0.064, config=BLOCK_TILE_M= 32, BLOCK_TILE_N= 32, TILE_K= 16, THREAD_TILE_M=  4, THREAD_TILE_N=  4, IS_ALIGNED_M=  0
M= 28, N=4096, K=4096, cost=   0.064, config=BLOCK_TILE_M= 32, BLOCK_TILE_N= 32, TILE_K= 16, THREAD_TILE_M=  4, THREAD_TILE_N=  4, IS_ALIGNED_M=  0
M= 29, N=4096, K=4096, cost=   0.064, config=BLOCK_TILE_M= 32, BLOCK_TILE_N= 32, TILE_K= 16, THREAD_TILE_M=  4, THREAD_TILE_N=  4, IS_ALIGNED_M=  0
M= 30, N=4096, K=4096, cost=   0.064, config=BLOCK_TILE_M= 32, BLOCK_TILE_N= 32, TILE_K= 16, THREAD_TILE_M=  4, THREAD_TILE_N=  4, IS_ALIGNED_M=  0
M= 31, N=4096, K=4096, cost=   0.064, config=BLOCK_TILE_M= 32, BLOCK_TILE_N= 32, TILE_K= 16, THREAD_TILE_M=  4, THREAD_TILE_N=  4, IS_ALIGNED_M=  0
M= 32, N=4096, K=4096, cost=   0.065, config=BLOCK_TILE_M= 32, BLOCK_TILE_N= 32, TILE_K= 16, THREAD_TILE_M=  4, THREAD_TILE_N=  4, IS_ALIGNED_M=  0
M= 33, N=4096, K=4096, cost=   0.078, config=BLOCK_TILE_M= 16, BLOCK_TILE_N= 32, TILE_K= 16, THREAD_TILE_M=  4, THREAD_TILE_N=  4, IS_ALIGNED_M=  0
M= 34, N=4096, K=4096, cost=   0.078, config=BLOCK_TILE_M= 16, BLOCK_TILE_N= 32, TILE_K= 16, THREAD_TILE_M=  4, THREAD_TILE_N=  4, IS_ALIGNED_M=  0
M= 35, N=4096, K=4096, cost=   0.078, config=BLOCK_TILE_M= 16, BLOCK_TILE_N= 32, TILE_K= 16, THREAD_TILE_M=  4, THREAD_TILE_N=  4, IS_ALIGNED_M=  0
M= 36, N=4096, K=4096, cost=   0.078, config=BLOCK_TILE_M= 16, BLOCK_TILE_N= 32, TILE_K= 16, THREAD_TILE_M=  4, THREAD_TILE_N=  4, IS_ALIGNED_M=  0
M= 37, N=4096, K=4096, cost=   0.078, config=BLOCK_TILE_M= 16, BLOCK_TILE_N= 32, TILE_K= 16, THREAD_TILE_M=  4, THREAD_TILE_N=  4, IS_ALIGNED_M=  0
M= 38, N=4096, K=4096, cost=   0.078, config=BLOCK_TILE_M= 16, BLOCK_TILE_N= 32, TILE_K= 16, THREAD_TILE_M=  4, THREAD_TILE_N=  4, IS_ALIGNED_M=  0
M= 39, N=4096, K=4096, cost=   0.078, config=BLOCK_TILE_M= 16, BLOCK_TILE_N= 32, TILE_K= 16, THREAD_TILE_M=  4, THREAD_TILE_N=  4, IS_ALIGNED_M=  0
M= 40, N=4096, K=4096, cost=   0.078, config=BLOCK_TILE_M= 16, BLOCK_TILE_N= 32, TILE_K= 16, THREAD_TILE_M=  4, THREAD_TILE_N=  4, IS_ALIGNED_M=  0
M= 41, N=4096, K=4096, cost=   0.078, config=BLOCK_TILE_M= 16, BLOCK_TILE_N= 32, TILE_K= 16, THREAD_TILE_M=  4, THREAD_TILE_N=  4, IS_ALIGNED_M=  0
M= 42, N=4096, K=4096, cost=   0.078, config=BLOCK_TILE_M= 16, BLOCK_TILE_N= 32, TILE_K= 16, THREAD_TILE_M=  4, THREAD_TILE_N=  4, IS_ALIGNED_M=  0
M= 43, N=4096, K=4096, cost=   0.078, config=BLOCK_TILE_M= 16, BLOCK_TILE_N= 32, TILE_K= 16, THREAD_TILE_M=  4, THREAD_TILE_N=  4, IS_ALIGNED_M=  0
M= 44, N=4096, K=4096, cost=   0.078, config=BLOCK_TILE_M= 16, BLOCK_TILE_N= 32, TILE_K= 16, THREAD_TILE_M=  4, THREAD_TILE_N=  4, IS_ALIGNED_M=  0
M= 45, N=4096, K=4096, cost=   0.078, config=BLOCK_TILE_M= 16, BLOCK_TILE_N= 32, TILE_K= 16, THREAD_TILE_M=  4, THREAD_TILE_N=  4, IS_ALIGNED_M=  0
M= 46, N=4096, K=4096, cost=   0.078, config=BLOCK_TILE_M= 16, BLOCK_TILE_N= 32, TILE_K= 16, THREAD_TILE_M=  4, THREAD_TILE_N=  4, IS_ALIGNED_M=  0
M= 47, N=4096, K=4096, cost=   0.078, config=BLOCK_TILE_M= 16, BLOCK_TILE_N= 32, TILE_K= 16, THREAD_TILE_M=  4, THREAD_TILE_N=  4, IS_ALIGNED_M=  0
M= 48, N=4096, K=4096, cost=   0.079, config=BLOCK_TILE_M= 16, BLOCK_TILE_N= 32, TILE_K= 16, THREAD_TILE_M=  4, THREAD_TILE_N=  4, IS_ALIGNED_M=  1
M= 49, N=4096, K=4096, cost=   0.082, config=BLOCK_TILE_M= 32, BLOCK_TILE_N= 64, TILE_K= 32, THREAD_TILE_M=  4, THREAD_TILE_N=  4, IS_ALIGNED_M=  0
M= 50, N=4096, K=4096, cost=   0.082, config=BLOCK_TILE_M= 32, BLOCK_TILE_N= 64, TILE_K= 32, THREAD_TILE_M=  4, THREAD_TILE_N=  4, IS_ALIGNED_M=  0
M= 51, N=4096, K=4096, cost=   0.082, config=BLOCK_TILE_M= 32, BLOCK_TILE_N= 64, TILE_K= 32, THREAD_TILE_M=  4, THREAD_TILE_N=  4, IS_ALIGNED_M=  0
M= 52, N=4096, K=4096, cost=   0.082, config=BLOCK_TILE_M= 32, BLOCK_TILE_N= 64, TILE_K= 32, THREAD_TILE_M=  4, THREAD_TILE_N=  4, IS_ALIGNED_M=  0
M= 53, N=4096, K=4096, cost=   0.082, config=BLOCK_TILE_M= 32, BLOCK_TILE_N= 64, TILE_K= 32, THREAD_TILE_M=  4, THREAD_TILE_N=  4, IS_ALIGNED_M=  0
M= 54, N=4096, K=4096, cost=   0.082, config=BLOCK_TILE_M= 32, BLOCK_TILE_N= 64, TILE_K= 32, THREAD_TILE_M=  4, THREAD_TILE_N=  4, IS_ALIGNED_M=  0
M= 55, N=4096, K=4096, cost=   0.082, config=BLOCK_TILE_M= 32, BLOCK_TILE_N= 64, TILE_K= 32, THREAD_TILE_M=  4, THREAD_TILE_N=  4, IS_ALIGNED_M=  0
M= 56, N=4096, K=4096, cost=   0.082, config=BLOCK_TILE_M= 32, BLOCK_TILE_N= 64, TILE_K= 32, THREAD_TILE_M=  4, THREAD_TILE_N=  4, IS_ALIGNED_M=  0
M= 57, N=4096, K=4096, cost=   0.082, config=BLOCK_TILE_M= 32, BLOCK_TILE_N= 64, TILE_K= 32, THREAD_TILE_M=  4, THREAD_TILE_N=  4, IS_ALIGNED_M=  0
M= 58, N=4096, K=4096, cost=   0.082, config=BLOCK_TILE_M= 32, BLOCK_TILE_N= 64, TILE_K= 32, THREAD_TILE_M=  4, THREAD_TILE_N=  4, IS_ALIGNED_M=  0
M= 59, N=4096, K=4096, cost=   0.082, config=BLOCK_TILE_M= 32, BLOCK_TILE_N= 64, TILE_K= 32, THREAD_TILE_M=  4, THREAD_TILE_N=  4, IS_ALIGNED_M=  0
M= 60, N=4096, K=4096, cost=   0.082, config=BLOCK_TILE_M= 32, BLOCK_TILE_N= 64, TILE_K= 32, THREAD_TILE_M=  4, THREAD_TILE_N=  4, IS_ALIGNED_M=  0
M= 61, N=4096, K=4096, cost=   0.082, config=BLOCK_TILE_M= 32, BLOCK_TILE_N= 64, TILE_K= 32, THREAD_TILE_M=  4, THREAD_TILE_N=  4, IS_ALIGNED_M=  0
M= 62, N=4096, K=4096, cost=   0.082, config=BLOCK_TILE_M= 32, BLOCK_TILE_N= 64, TILE_K= 32, THREAD_TILE_M=  4, THREAD_TILE_N=  4, IS_ALIGNED_M=  0
M= 63, N=4096, K=4096, cost=   0.082, config=BLOCK_TILE_M= 32, BLOCK_TILE_N= 64, TILE_K= 32, THREAD_TILE_M=  4, THREAD_TILE_N=  4, IS_ALIGNED_M=  0
M= 64, N=4096, K=4096, cost=   0.082, config=BLOCK_TILE_M= 32, BLOCK_TILE_N= 64, TILE_K= 32, THREAD_TILE_M=  4, THREAD_TILE_N=  4, IS_ALIGNED_M=  1
M= 65, N=4096, K=4096, cost=   0.118, config=BLOCK_TILE_M= 32, BLOCK_TILE_N= 64, TILE_K= 16, THREAD_TILE_M=  8, THREAD_TILE_N=  4, IS_ALIGNED_M=  0
M= 66, N=4096, K=4096, cost=   0.115, config=BLOCK_TILE_M= 32, BLOCK_TILE_N= 64, TILE_K=  8, THREAD_TILE_M=  8, THREAD_TILE_N=  4, IS_ALIGNED_M=  0
M= 67, N=4096, K=4096, cost=   0.118, config=BLOCK_TILE_M= 32, BLOCK_TILE_N= 64, TILE_K= 16, THREAD_TILE_M=  8, THREAD_TILE_N=  4, IS_ALIGNED_M=  0
M= 68, N=4096, K=4096, cost=   0.115, config=BLOCK_TILE_M= 32, BLOCK_TILE_N= 64, TILE_K=  8, THREAD_TILE_M=  8, THREAD_TILE_N=  4, IS_ALIGNED_M=  0
M= 69, N=4096, K=4096, cost=   0.118, config=BLOCK_TILE_M= 32, BLOCK_TILE_N= 64, TILE_K= 16, THREAD_TILE_M=  8, THREAD_TILE_N=  4, IS_ALIGNED_M=  0
M= 70, N=4096, K=4096, cost=   0.116, config=BLOCK_TILE_M= 32, BLOCK_TILE_N= 64, TILE_K=  8, THREAD_TILE_M=  8, THREAD_TILE_N=  4, IS_ALIGNED_M=  0
M= 71, N=4096, K=4096, cost=   0.118, config=BLOCK_TILE_M= 32, BLOCK_TILE_N= 64, TILE_K= 16, THREAD_TILE_M=  8, THREAD_TILE_N=  4, IS_ALIGNED_M=  0
M= 72, N=4096, K=4096, cost=   0.117, config=BLOCK_TILE_M= 32, BLOCK_TILE_N= 64, TILE_K=  8, THREAD_TILE_M=  8, THREAD_TILE_N=  4, IS_ALIGNED_M=  0
M= 73, N=4096, K=4096, cost=   0.118, config=BLOCK_TILE_M= 32, BLOCK_TILE_N= 64, TILE_K= 16, THREAD_TILE_M=  8, THREAD_TILE_N=  4, IS_ALIGNED_M=  0
M= 74, N=4096, K=4096, cost=   0.116, config=BLOCK_TILE_M= 32, BLOCK_TILE_N= 64, TILE_K=  8, THREAD_TILE_M=  8, THREAD_TILE_N=  4, IS_ALIGNED_M=  0
M= 75, N=4096, K=4096, cost=   0.118, config=BLOCK_TILE_M= 32, BLOCK_TILE_N= 64, TILE_K=  8, THREAD_TILE_M=  8, THREAD_TILE_N=  4, IS_ALIGNED_M=  0
M= 76, N=4096, K=4096, cost=   0.118, config=BLOCK_TILE_M= 32, BLOCK_TILE_N= 64, TILE_K=  8, THREAD_TILE_M=  8, THREAD_TILE_N=  4, IS_ALIGNED_M=  0
M= 77, N=4096, K=4096, cost=   0.118, config=BLOCK_TILE_M= 32, BLOCK_TILE_N= 64, TILE_K= 16, THREAD_TILE_M=  8, THREAD_TILE_N=  4, IS_ALIGNED_M=  0
M= 78, N=4096, K=4096, cost=   0.118, config=BLOCK_TILE_M= 32, BLOCK_TILE_N= 64, TILE_K=  8, THREAD_TILE_M=  8, THREAD_TILE_N=  4, IS_ALIGNED_M=  0
M= 79, N=4096, K=4096, cost=   0.119, config=BLOCK_TILE_M= 32, BLOCK_TILE_N= 64, TILE_K= 16, THREAD_TILE_M=  8, THREAD_TILE_N=  4, IS_ALIGNED_M=  0
M= 80, N=4096, K=4096, cost=   0.118, config=BLOCK_TILE_M= 32, BLOCK_TILE_N= 64, TILE_K= 16, THREAD_TILE_M=  8, THREAD_TILE_N=  4, IS_ALIGNED_M=  0
M= 81, N=4096, K=4096, cost=   0.119, config=BLOCK_TILE_M= 32, BLOCK_TILE_N= 64, TILE_K= 16, THREAD_TILE_M=  8, THREAD_TILE_N=  4, IS_ALIGNED_M=  0
M= 82, N=4096, K=4096, cost=   0.119, config=BLOCK_TILE_M= 32, BLOCK_TILE_N= 64, TILE_K= 16, THREAD_TILE_M=  8, THREAD_TILE_N=  4, IS_ALIGNED_M=  0
M= 83, N=4096, K=4096, cost=   0.119, config=BLOCK_TILE_M= 32, BLOCK_TILE_N= 64, TILE_K= 16, THREAD_TILE_M=  8, THREAD_TILE_N=  4, IS_ALIGNED_M=  0
M= 84, N=4096, K=4096, cost=   0.120, config=BLOCK_TILE_M= 32, BLOCK_TILE_N= 64, TILE_K= 16, THREAD_TILE_M=  8, THREAD_TILE_N=  4, IS_ALIGNED_M=  0
M= 85, N=4096, K=4096, cost=   0.119, config=BLOCK_TILE_M= 32, BLOCK_TILE_N= 64, TILE_K= 16, THREAD_TILE_M=  8, THREAD_TILE_N=  4, IS_ALIGNED_M=  0
M= 86, N=4096, K=4096, cost=   0.119, config=BLOCK_TILE_M= 32, BLOCK_TILE_N= 64, TILE_K= 16, THREAD_TILE_M=  8, THREAD_TILE_N=  4, IS_ALIGNED_M=  0
M= 87, N=4096, K=4096, cost=   0.119, config=BLOCK_TILE_M= 32, BLOCK_TILE_N= 64, TILE_K= 16, THREAD_TILE_M=  8, THREAD_TILE_N=  4, IS_ALIGNED_M=  0
M= 88, N=4096, K=4096, cost=   0.119, config=BLOCK_TILE_M= 32, BLOCK_TILE_N= 64, TILE_K= 16, THREAD_TILE_M=  8, THREAD_TILE_N=  4, IS_ALIGNED_M=  0
M= 89, N=4096, K=4096, cost=   0.120, config=BLOCK_TILE_M= 32, BLOCK_TILE_N=128, TILE_K= 16, THREAD_TILE_M=  8, THREAD_TILE_N=  4, IS_ALIGNED_M=  0
M= 90, N=4096, K=4096, cost=   0.119, config=BLOCK_TILE_M= 32, BLOCK_TILE_N= 64, TILE_K= 16, THREAD_TILE_M=  8, THREAD_TILE_N=  4, IS_ALIGNED_M=  0
M= 91, N=4096, K=4096, cost=   0.119, config=BLOCK_TILE_M= 32, BLOCK_TILE_N= 64, TILE_K= 16, THREAD_TILE_M=  8, THREAD_TILE_N=  4, IS_ALIGNED_M=  0
M= 92, N=4096, K=4096, cost=   0.119, config=BLOCK_TILE_M= 32, BLOCK_TILE_N= 64, TILE_K= 16, THREAD_TILE_M=  8, THREAD_TILE_N=  4, IS_ALIGNED_M=  0
M= 93, N=4096, K=4096, cost=   0.119, config=BLOCK_TILE_M= 32, BLOCK_TILE_N= 64, TILE_K= 16, THREAD_TILE_M=  8, THREAD_TILE_N=  4, IS_ALIGNED_M=  0
M= 94, N=4096, K=4096, cost=   0.120, config=BLOCK_TILE_M= 32, BLOCK_TILE_N=128, TILE_K= 16, THREAD_TILE_M=  8, THREAD_TILE_N=  4, IS_ALIGNED_M=  0
M= 95, N=4096, K=4096, cost=   0.120, config=BLOCK_TILE_M= 32, BLOCK_TILE_N=128, TILE_K= 16, THREAD_TILE_M=  8, THREAD_TILE_N=  4, IS_ALIGNED_M=  0
M= 96, N=4096, K=4096, cost=   0.119, config=BLOCK_TILE_M= 32, BLOCK_TILE_N= 64, TILE_K= 16, THREAD_TILE_M=  8, THREAD_TILE_N=  4, IS_ALIGNED_M=  1
M= 97, N=4096, K=4096, cost=   0.120, config=BLOCK_TILE_M= 32, BLOCK_TILE_N=128, TILE_K= 16, THREAD_TILE_M=  8, THREAD_TILE_N=  4, IS_ALIGNED_M=  0
M= 98, N=4096, K=4096, cost=   0.120, config=BLOCK_TILE_M= 32, BLOCK_TILE_N=128, TILE_K= 16, THREAD_TILE_M=  8, THREAD_TILE_N=  4, IS_ALIGNED_M=  0
M= 99, N=4096, K=4096, cost=   0.120, config=BLOCK_TILE_M= 64, BLOCK_TILE_N= 64, TILE_K= 16, THREAD_TILE_M=  8, THREAD_TILE_N=  4, IS_ALIGNED_M=  0
M=100, N=4096, K=4096, cost=   0.120, config=BLOCK_TILE_M= 32, BLOCK_TILE_N=128, TILE_K= 16, THREAD_TILE_M=  8, THREAD_TILE_N=  4, IS_ALIGNED_M=  0
M=101, N=4096, K=4096, cost=   0.120, config=BLOCK_TILE_M= 32, BLOCK_TILE_N=128, TILE_K= 16, THREAD_TILE_M=  8, THREAD_TILE_N=  4, IS_ALIGNED_M=  0
M=102, N=4096, K=4096, cost=   0.120, config=BLOCK_TILE_M= 32, BLOCK_TILE_N=128, TILE_K= 16, THREAD_TILE_M=  8, THREAD_TILE_N=  4, IS_ALIGNED_M=  0
M=103, N=4096, K=4096, cost=   0.120, config=BLOCK_TILE_M= 32, BLOCK_TILE_N=128, TILE_K= 16, THREAD_TILE_M=  8, THREAD_TILE_N=  4, IS_ALIGNED_M=  0
M=104, N=4096, K=4096, cost=   0.120, config=BLOCK_TILE_M= 32, BLOCK_TILE_N=128, TILE_K= 16, THREAD_TILE_M=  8, THREAD_TILE_N=  4, IS_ALIGNED_M=  0
M=105, N=4096, K=4096, cost=   0.120, config=BLOCK_TILE_M= 32, BLOCK_TILE_N=128, TILE_K= 16, THREAD_TILE_M=  8, THREAD_TILE_N=  4, IS_ALIGNED_M=  0
M=106, N=4096, K=4096, cost=   0.120, config=BLOCK_TILE_M= 32, BLOCK_TILE_N=128, TILE_K= 16, THREAD_TILE_M=  8, THREAD_TILE_N=  4, IS_ALIGNED_M=  0
M=107, N=4096, K=4096, cost=   0.120, config=BLOCK_TILE_M= 32, BLOCK_TILE_N=128, TILE_K= 16, THREAD_TILE_M=  8, THREAD_TILE_N=  4, IS_ALIGNED_M=  0
M=108, N=4096, K=4096, cost=   0.120, config=BLOCK_TILE_M= 32, BLOCK_TILE_N=128, TILE_K= 16, THREAD_TILE_M=  8, THREAD_TILE_N=  4, IS_ALIGNED_M=  0
M=109, N=4096, K=4096, cost=   0.120, config=BLOCK_TILE_M= 32, BLOCK_TILE_N=128, TILE_K= 16, THREAD_TILE_M=  8, THREAD_TILE_N=  4, IS_ALIGNED_M=  0
M=110, N=4096, K=4096, cost=   0.120, config=BLOCK_TILE_M= 32, BLOCK_TILE_N=128, TILE_K= 16, THREAD_TILE_M=  8, THREAD_TILE_N=  4, IS_ALIGNED_M=  0
M=111, N=4096, K=4096, cost=   0.120, config=BLOCK_TILE_M= 32, BLOCK_TILE_N=128, TILE_K= 16, THREAD_TILE_M=  8, THREAD_TILE_N=  4, IS_ALIGNED_M=  0
M=112, N=4096, K=4096, cost=   0.120, config=BLOCK_TILE_M= 32, BLOCK_TILE_N=128, TILE_K= 16, THREAD_TILE_M=  8, THREAD_TILE_N=  4, IS_ALIGNED_M=  0
M=113, N=4096, K=4096, cost=   0.120, config=BLOCK_TILE_M= 32, BLOCK_TILE_N=128, TILE_K= 16, THREAD_TILE_M=  8, THREAD_TILE_N=  4, IS_ALIGNED_M=  0
M=114, N=4096, K=4096, cost=   0.120, config=BLOCK_TILE_M= 32, BLOCK_TILE_N=128, TILE_K= 16, THREAD_TILE_M=  8, THREAD_TILE_N=  4, IS_ALIGNED_M=  0
M=115, N=4096, K=4096, cost=   0.120, config=BLOCK_TILE_M= 32, BLOCK_TILE_N=128, TILE_K= 16, THREAD_TILE_M=  8, THREAD_TILE_N=  4, IS_ALIGNED_M=  0
M=116, N=4096, K=4096, cost=   0.120, config=BLOCK_TILE_M= 32, BLOCK_TILE_N=128, TILE_K= 16, THREAD_TILE_M=  8, THREAD_TILE_N=  4, IS_ALIGNED_M=  0
M=117, N=4096, K=4096, cost=   0.120, config=BLOCK_TILE_M= 32, BLOCK_TILE_N=128, TILE_K= 16, THREAD_TILE_M=  8, THREAD_TILE_N=  4, IS_ALIGNED_M=  0
M=118, N=4096, K=4096, cost=   0.120, config=BLOCK_TILE_M= 32, BLOCK_TILE_N=128, TILE_K= 16, THREAD_TILE_M=  8, THREAD_TILE_N=  4, IS_ALIGNED_M=  0
M=119, N=4096, K=4096, cost=   0.120, config=BLOCK_TILE_M= 32, BLOCK_TILE_N=128, TILE_K= 16, THREAD_TILE_M=  8, THREAD_TILE_N=  4, IS_ALIGNED_M=  0
M=120, N=4096, K=4096, cost=   0.120, config=BLOCK_TILE_M= 32, BLOCK_TILE_N=128, TILE_K= 16, THREAD_TILE_M=  8, THREAD_TILE_N=  4, IS_ALIGNED_M=  0
M=121, N=4096, K=4096, cost=   0.120, config=BLOCK_TILE_M= 32, BLOCK_TILE_N=128, TILE_K= 16, THREAD_TILE_M=  8, THREAD_TILE_N=  4, IS_ALIGNED_M=  0
M=122, N=4096, K=4096, cost=   0.120, config=BLOCK_TILE_M= 32, BLOCK_TILE_N=128, TILE_K= 16, THREAD_TILE_M=  8, THREAD_TILE_N=  4, IS_ALIGNED_M=  0
M=123, N=4096, K=4096, cost=   0.120, config=BLOCK_TILE_M= 32, BLOCK_TILE_N=128, TILE_K= 16, THREAD_TILE_M=  8, THREAD_TILE_N=  4, IS_ALIGNED_M=  0
M=124, N=4096, K=4096, cost=   0.120, config=BLOCK_TILE_M= 32, BLOCK_TILE_N=128, TILE_K= 16, THREAD_TILE_M=  8, THREAD_TILE_N=  4, IS_ALIGNED_M=  0
M=125, N=4096, K=4096, cost=   0.120, config=BLOCK_TILE_M= 32, BLOCK_TILE_N=128, TILE_K= 16, THREAD_TILE_M=  8, THREAD_TILE_N=  4, IS_ALIGNED_M=  0
M=126, N=4096, K=4096, cost=   0.120, config=BLOCK_TILE_M= 32, BLOCK_TILE_N=128, TILE_K= 16, THREAD_TILE_M=  8, THREAD_TILE_N=  4, IS_ALIGNED_M=  0
M=127, N=4096, K=4096, cost=   0.120, config=BLOCK_TILE_M= 32, BLOCK_TILE_N=128, TILE_K= 16, THREAD_TILE_M=  8, THREAD_TILE_N=  4, IS_ALIGNED_M=  0
M=128, N=4096, K=4096, cost=   0.120, config=BLOCK_TILE_M= 32, BLOCK_TILE_N=128, TILE_K= 16, THREAD_TILE_M=  8, THREAD_TILE_N=  4, IS_ALIGNED_M=  0
M=160, N=4096, K=4096, cost=   0.190, config=BLOCK_TILE_M= 64, BLOCK_TILE_N=128, TILE_K=  8, THREAD_TILE_M= 16, THREAD_TILE_N=  4, IS_ALIGNED_M=  0
M=192, N=4096, K=4096, cost=   0.194, config=BLOCK_TILE_M= 32, BLOCK_TILE_N= 64, TILE_K=  8, THREAD_TILE_M=  8, THREAD_TILE_N=  4, IS_ALIGNED_M=  0
M=224, N=4096, K=4096, cost=   0.195, config=BLOCK_TILE_M= 64, BLOCK_TILE_N=128, TILE_K=  8, THREAD_TILE_M= 16, THREAD_TILE_N=  4, IS_ALIGNED_M=  0
M=256, N=4096, K=4096, cost=   0.195, config=BLOCK_TILE_M= 64, BLOCK_TILE_N=128, TILE_K=  8, THREAD_TILE_M= 16, THREAD_TILE_N=  4, IS_ALIGNED_M=  0
M=288, N=4096, K=4096, cost=   0.306, config=BLOCK_TILE_M= 32, BLOCK_TILE_N= 64, TILE_K=  8, THREAD_TILE_M=  8, THREAD_TILE_N=  4, IS_ALIGNED_M=  1
M=320, N=4096, K=4096, cost=   0.306, config=BLOCK_TILE_M= 32, BLOCK_TILE_N= 64, TILE_K=  8, THREAD_TILE_M=  8, THREAD_TILE_N=  4, IS_ALIGNED_M=  1
M=352, N=4096, K=4096, cost=   0.313, config=BLOCK_TILE_M= 64, BLOCK_TILE_N= 64, TILE_K=  8, THREAD_TILE_M=  8, THREAD_TILE_N=  4, IS_ALIGNED_M=  0
M=384, N=4096, K=4096, cost=   0.315, config=BLOCK_TILE_M= 64, BLOCK_TILE_N= 64, TILE_K=  8, THREAD_TILE_M=  8, THREAD_TILE_N=  4, IS_ALIGNED_M=  0
M=416, N=4096, K=4096, cost=   0.334, config=BLOCK_TILE_M=128, BLOCK_TILE_N=128, TILE_K=  8, THREAD_TILE_M= 16, THREAD_TILE_N=  8, IS_ALIGNED_M=  0
M=448, N=4096, K=4096, cost=   0.334, config=BLOCK_TILE_M=128, BLOCK_TILE_N=128, TILE_K=  8, THREAD_TILE_M= 16, THREAD_TILE_N=  8, IS_ALIGNED_M=  0
M=480, N=4096, K=4096, cost=   0.334, config=BLOCK_TILE_M=128, BLOCK_TILE_N=128, TILE_K=  8, THREAD_TILE_M= 16, THREAD_TILE_N=  8, IS_ALIGNED_M=  0
M=512, N=4096, K=4096, cost=   0.327, config=BLOCK_TILE_M=128, BLOCK_TILE_N=128, TILE_K=  8, THREAD_TILE_M= 16, THREAD_TILE_N=  8, IS_ALIGNED_M=  1
M=544, N=4096, K=4096, cost=   0.510, config=BLOCK_TILE_M= 64, BLOCK_TILE_N=128, TILE_K=  8, THREAD_TILE_M=  8, THREAD_TILE_N=  8, IS_ALIGNED_M=  0
M=576, N=4096, K=4096, cost=   0.506, config=BLOCK_TILE_M= 64, BLOCK_TILE_N=128, TILE_K=  8, THREAD_TILE_M=  8, THREAD_TILE_N=  8, IS_ALIGNED_M=  1
M=608, N=4096, K=4096, cost=   0.510, config=BLOCK_TILE_M= 64, BLOCK_TILE_N=128, TILE_K=  8, THREAD_TILE_M=  8, THREAD_TILE_N=  8, IS_ALIGNED_M=  0
M=640, N=4096, K=4096, cost=   0.506, config=BLOCK_TILE_M= 64, BLOCK_TILE_N=128, TILE_K=  8, THREAD_TILE_M=  8, THREAD_TILE_N=  8, IS_ALIGNED_M=  1
M=672, N=4096, K=4096, cost=   0.510, config=BLOCK_TILE_M= 64, BLOCK_TILE_N=128, TILE_K=  8, THREAD_TILE_M=  8, THREAD_TILE_N=  8, IS_ALIGNED_M=  0
M=704, N=4096, K=4096, cost=   0.507, config=BLOCK_TILE_M= 64, BLOCK_TILE_N=128, TILE_K=  8, THREAD_TILE_M=  8, THREAD_TILE_N=  8, IS_ALIGNED_M=  1
M=736, N=4096, K=4096, cost=   0.510, config=BLOCK_TILE_M= 64, BLOCK_TILE_N=128, TILE_K=  8, THREAD_TILE_M=  8, THREAD_TILE_N=  8, IS_ALIGNED_M=  0
M=768, N=4096, K=4096, cost=   0.507, config=BLOCK_TILE_M= 64, BLOCK_TILE_N=128, TILE_K=  8, THREAD_TILE_M=  8, THREAD_TILE_N=  8, IS_ALIGNED_M=  1
M=800, N=4096, K=4096, cost=   0.617, config=BLOCK_TILE_M=128, BLOCK_TILE_N=128, TILE_K=  8, THREAD_TILE_M=  8, THREAD_TILE_N= 16, IS_ALIGNED_M=  0
M=832, N=4096, K=4096, cost=   0.617, config=BLOCK_TILE_M=128, BLOCK_TILE_N=128, TILE_K=  8, THREAD_TILE_M=  8, THREAD_TILE_N= 16, IS_ALIGNED_M=  0
M=864, N=4096, K=4096, cost=   0.618, config=BLOCK_TILE_M=128, BLOCK_TILE_N=128, TILE_K=  8, THREAD_TILE_M=  8, THREAD_TILE_N= 16, IS_ALIGNED_M=  0
M=896, N=4096, K=4096, cost=   0.614, config=BLOCK_TILE_M=128, BLOCK_TILE_N=128, TILE_K=  8, THREAD_TILE_M= 16, THREAD_TILE_N=  8, IS_ALIGNED_M=  1
M=928, N=4096, K=4096, cost=   0.617, config=BLOCK_TILE_M=128, BLOCK_TILE_N=128, TILE_K=  8, THREAD_TILE_M=  8, THREAD_TILE_N= 16, IS_ALIGNED_M=  0
M=960, N=4096, K=4096, cost=   0.621, config=BLOCK_TILE_M=128, BLOCK_TILE_N=128, TILE_K=  8, THREAD_TILE_M=  8, THREAD_TILE_N= 16, IS_ALIGNED_M=  0
M=992, N=4096, K=4096, cost=   0.618, config=BLOCK_TILE_M=128, BLOCK_TILE_N=128, TILE_K=  8, THREAD_TILE_M=  8, THREAD_TILE_N= 16, IS_ALIGNED_M=  0
M=1024, N=4096, K=4096, cost=   0.616, config=BLOCK_TILE_M=128, BLOCK_TILE_N=128, TILE_K=  8, THREAD_TILE_M= 16, THREAD_TILE_N=  8, IS_ALIGNED_M=  1
M=1056, N=4096, K=4096, cost=   0.846, config=BLOCK_TILE_M= 64, BLOCK_TILE_N=128, TILE_K=  8, THREAD_TILE_M=  8, THREAD_TILE_N=  8, IS_ALIGNED_M=  0
M=1088, N=4096, K=4096, cost=   0.839, config=BLOCK_TILE_M= 64, BLOCK_TILE_N=128, TILE_K=  8, THREAD_TILE_M=  8, THREAD_TILE_N=  8, IS_ALIGNED_M=  1
M=1120, N=4096, K=4096, cost=   0.846, config=BLOCK_TILE_M= 64, BLOCK_TILE_N=128, TILE_K=  8, THREAD_TILE_M=  8, THREAD_TILE_N=  8, IS_ALIGNED_M=  0
M=1152, N=4096, K=4096, cost=   0.839, config=BLOCK_TILE_M= 64, BLOCK_TILE_N=128, TILE_K=  8, THREAD_TILE_M=  8, THREAD_TILE_N=  8, IS_ALIGNED_M=  1
M=1184, N=4096, K=4096, cost=   0.847, config=BLOCK_TILE_M= 64, BLOCK_TILE_N=128, TILE_K=  8, THREAD_TILE_M=  8, THREAD_TILE_N=  8, IS_ALIGNED_M=  0
M=1216, N=4096, K=4096, cost=   0.839, config=BLOCK_TILE_M= 64, BLOCK_TILE_N=128, TILE_K=  8, THREAD_TILE_M=  8, THREAD_TILE_N=  8, IS_ALIGNED_M=  1
M=1248, N=4096, K=4096, cost=   0.847, config=BLOCK_TILE_M= 64, BLOCK_TILE_N=128, TILE_K=  8, THREAD_TILE_M=  8, THREAD_TILE_N=  8, IS_ALIGNED_M=  0
M=1280, N=4096, K=4096, cost=   0.839, config=BLOCK_TILE_M= 64, BLOCK_TILE_N=128, TILE_K=  8, THREAD_TILE_M=  8, THREAD_TILE_N=  8, IS_ALIGNED_M=  1
M=1312, N=4096, K=4096, cost=   0.953, config=BLOCK_TILE_M=128, BLOCK_TILE_N=128, TILE_K=  8, THREAD_TILE_M=  8, THREAD_TILE_N= 16, IS_ALIGNED_M=  0
M=1344, N=4096, K=4096, cost=   0.953, config=BLOCK_TILE_M=128, BLOCK_TILE_N=128, TILE_K=  8, THREAD_TILE_M=  8, THREAD_TILE_N= 16, IS_ALIGNED_M=  0
M=1376, N=4096, K=4096, cost=   0.953, config=BLOCK_TILE_M=128, BLOCK_TILE_N=128, TILE_K=  8, THREAD_TILE_M=  8, THREAD_TILE_N= 16, IS_ALIGNED_M=  0
M=1408, N=4096, K=4096, cost=   0.953, config=BLOCK_TILE_M=128, BLOCK_TILE_N=128, TILE_K=  8, THREAD_TILE_M=  8, THREAD_TILE_N= 16, IS_ALIGNED_M=  0
M=1440, N=4096, K=4096, cost=   0.963, config=BLOCK_TILE_M=128, BLOCK_TILE_N=128, TILE_K=  8, THREAD_TILE_M=  8, THREAD_TILE_N= 16, IS_ALIGNED_M=  0
M=1472, N=4096, K=4096, cost=   0.979, config=BLOCK_TILE_M=128, BLOCK_TILE_N=128, TILE_K=  8, THREAD_TILE_M=  8, THREAD_TILE_N= 16, IS_ALIGNED_M=  0
M=1504, N=4096, K=4096, cost=   0.963, config=BLOCK_TILE_M=128, BLOCK_TILE_N=128, TILE_K=  8, THREAD_TILE_M=  8, THREAD_TILE_N= 16, IS_ALIGNED_M=  0
M=1536, N=4096, K=4096, cost=   0.956, config=BLOCK_TILE_M=128, BLOCK_TILE_N=128, TILE_K=  8, THREAD_TILE_M=  8, THREAD_TILE_N= 16, IS_ALIGNED_M=  1
M=1568, N=4096, K=4096, cost=   1.182, config=BLOCK_TILE_M= 64, BLOCK_TILE_N=128, TILE_K=  8, THREAD_TILE_M=  8, THREAD_TILE_N=  8, IS_ALIGNED_M=  0
M=1600, N=4096, K=4096, cost=   1.172, config=BLOCK_TILE_M= 64, BLOCK_TILE_N=128, TILE_K=  8, THREAD_TILE_M=  8, THREAD_TILE_N=  8, IS_ALIGNED_M=  1
M=1632, N=4096, K=4096, cost=   1.183, config=BLOCK_TILE_M= 64, BLOCK_TILE_N=128, TILE_K=  8, THREAD_TILE_M=  8, THREAD_TILE_N=  8, IS_ALIGNED_M=  0
M=1664, N=4096, K=4096, cost=   1.172, config=BLOCK_TILE_M= 64, BLOCK_TILE_N=128, TILE_K=  8, THREAD_TILE_M=  8, THREAD_TILE_N=  8, IS_ALIGNED_M=  1
M=1696, N=4096, K=4096, cost=   1.183, config=BLOCK_TILE_M= 64, BLOCK_TILE_N=128, TILE_K=  8, THREAD_TILE_M=  8, THREAD_TILE_N=  8, IS_ALIGNED_M=  0
M=1728, N=4096, K=4096, cost=   1.172, config=BLOCK_TILE_M= 64, BLOCK_TILE_N=128, TILE_K=  8, THREAD_TILE_M=  8, THREAD_TILE_N=  8, IS_ALIGNED_M=  1
M=1760, N=4096, K=4096, cost=   1.193, config=BLOCK_TILE_M= 64, BLOCK_TILE_N=128, TILE_K=  8, THREAD_TILE_M=  8, THREAD_TILE_N=  8, IS_ALIGNED_M=  0
M=1792, N=4096, K=4096, cost=   1.173, config=BLOCK_TILE_M= 64, BLOCK_TILE_N=128, TILE_K=  8, THREAD_TILE_M=  8, THREAD_TILE_N=  8, IS_ALIGNED_M=  1
M=1824, N=4096, K=4096, cost=   1.225, config=BLOCK_TILE_M=128, BLOCK_TILE_N=128, TILE_K=  8, THREAD_TILE_M=  8, THREAD_TILE_N= 16, IS_ALIGNED_M=  0
M=1856, N=4096, K=4096, cost=   1.226, config=BLOCK_TILE_M=128, BLOCK_TILE_N=128, TILE_K=  8, THREAD_TILE_M=  8, THREAD_TILE_N= 16, IS_ALIGNED_M=  0
M=1888, N=4096, K=4096, cost=   1.225, config=BLOCK_TILE_M=128, BLOCK_TILE_N=128, TILE_K=  8, THREAD_TILE_M=  8, THREAD_TILE_N= 16, IS_ALIGNED_M=  0
M=1920, N=4096, K=4096, cost=   1.217, config=BLOCK_TILE_M=128, BLOCK_TILE_N=128, TILE_K=  8, THREAD_TILE_M= 16, THREAD_TILE_N=  8, IS_ALIGNED_M=  1
M=1952, N=4096, K=4096, cost=   1.227, config=BLOCK_TILE_M=128, BLOCK_TILE_N=128, TILE_K=  8, THREAD_TILE_M=  8, THREAD_TILE_N= 16, IS_ALIGNED_M=  0
M=1984, N=4096, K=4096, cost=   1.238, config=BLOCK_TILE_M=128, BLOCK_TILE_N=128, TILE_K=  8, THREAD_TILE_M= 16, THREAD_TILE_N=  8, IS_ALIGNED_M=  0
M=2016, N=4096, K=4096, cost=   1.227, config=BLOCK_TILE_M=128, BLOCK_TILE_N=128, TILE_K=  8, THREAD_TILE_M=  8, THREAD_TILE_N= 16, IS_ALIGNED_M=  0
M=2048, N=4096, K=4096, cost=   1.222, config=BLOCK_TILE_M=128, BLOCK_TILE_N=128, TILE_K=  8, THREAD_TILE_M= 16, THREAD_TILE_N=  8, IS_ALIGNED_M=  1
M=2080, N=4096, K=4096, cost=   1.506, config=BLOCK_TILE_M= 64, BLOCK_TILE_N=128, TILE_K=  8, THREAD_TILE_M=  8, THREAD_TILE_N=  8, IS_ALIGNED_M=  0
M=2112, N=4096, K=4096, cost=   1.495, config=BLOCK_TILE_M= 64, BLOCK_TILE_N=128, TILE_K=  8, THREAD_TILE_M=  8, THREAD_TILE_N=  8, IS_ALIGNED_M=  1
M=2144, N=4096, K=4096, cost=   1.507, config=BLOCK_TILE_M= 64, BLOCK_TILE_N=128, TILE_K=  8, THREAD_TILE_M=  8, THREAD_TILE_N=  8, IS_ALIGNED_M=  0
M=2176, N=4096, K=4096, cost=   1.497, config=BLOCK_TILE_M= 64, BLOCK_TILE_N=128, TILE_K=  8, THREAD_TILE_M=  8, THREAD_TILE_N=  8, IS_ALIGNED_M=  1
M=2208, N=4096, K=4096, cost=   1.516, config=BLOCK_TILE_M= 64, BLOCK_TILE_N=128, TILE_K=  8, THREAD_TILE_M=  8, THREAD_TILE_N=  8, IS_ALIGNED_M=  0
M=2240, N=4096, K=4096, cost=   1.501, config=BLOCK_TILE_M= 64, BLOCK_TILE_N=128, TILE_K=  8, THREAD_TILE_M=  8, THREAD_TILE_N=  8, IS_ALIGNED_M=  1
M=2272, N=4096, K=4096, cost=   1.508, config=BLOCK_TILE_M= 64, BLOCK_TILE_N=128, TILE_K=  8, THREAD_TILE_M=  8, THREAD_TILE_N=  8, IS_ALIGNED_M=  0
M=2304, N=4096, K=4096, cost=   1.503, config=BLOCK_TILE_M= 64, BLOCK_TILE_N=128, TILE_K=  8, THREAD_TILE_M=  8, THREAD_TILE_N=  8, IS_ALIGNED_M=  1
M=2336, N=4096, K=4096, cost=   1.560, config=BLOCK_TILE_M=128, BLOCK_TILE_N=128, TILE_K=  8, THREAD_TILE_M=  8, THREAD_TILE_N= 16, IS_ALIGNED_M=  0
M=2368, N=4096, K=4096, cost=   1.560, config=BLOCK_TILE_M=128, BLOCK_TILE_N=128, TILE_K=  8, THREAD_TILE_M=  8, THREAD_TILE_N= 16, IS_ALIGNED_M=  0
M=2400, N=4096, K=4096, cost=   1.560, config=BLOCK_TILE_M=128, BLOCK_TILE_N=128, TILE_K=  8, THREAD_TILE_M=  8, THREAD_TILE_N= 16, IS_ALIGNED_M=  0
M=2432, N=4096, K=4096, cost=   1.560, config=BLOCK_TILE_M=128, BLOCK_TILE_N=128, TILE_K=  8, THREAD_TILE_M=  8, THREAD_TILE_N= 16, IS_ALIGNED_M=  0
M=2464, N=4096, K=4096, cost=   1.571, config=BLOCK_TILE_M=128, BLOCK_TILE_N=128, TILE_K=  8, THREAD_TILE_M=  8, THREAD_TILE_N= 16, IS_ALIGNED_M=  0
M=2496, N=4096, K=4096, cost=   1.578, config=BLOCK_TILE_M=128, BLOCK_TILE_N=128, TILE_K=  8, THREAD_TILE_M=  8, THREAD_TILE_N= 16, IS_ALIGNED_M=  0
M=2528, N=4096, K=4096, cost=   1.582, config=BLOCK_TILE_M=128, BLOCK_TILE_N=128, TILE_K=  8, THREAD_TILE_M=  8, THREAD_TILE_N= 16, IS_ALIGNED_M=  0
M=2560, N=4096, K=4096, cost=   1.562, config=BLOCK_TILE_M=128, BLOCK_TILE_N=128, TILE_K=  8, THREAD_TILE_M=  8, THREAD_TILE_N= 16, IS_ALIGNED_M=  1
M=2592, N=4096, K=4096, cost=   1.831, config=BLOCK_TILE_M=128, BLOCK_TILE_N=128, TILE_K=  8, THREAD_TILE_M=  8, THREAD_TILE_N= 16, IS_ALIGNED_M=  0
M=2624, N=4096, K=4096, cost=   1.823, config=BLOCK_TILE_M= 64, BLOCK_TILE_N=128, TILE_K=  8, THREAD_TILE_M=  8, THREAD_TILE_N=  8, IS_ALIGNED_M=  1
M=2656, N=4096, K=4096, cost=   1.831, config=BLOCK_TILE_M=128, BLOCK_TILE_N=128, TILE_K=  8, THREAD_TILE_M=  8, THREAD_TILE_N= 16, IS_ALIGNED_M=  0
M=2688, N=4096, K=4096, cost=   1.820, config=BLOCK_TILE_M=128, BLOCK_TILE_N=128, TILE_K=  8, THREAD_TILE_M= 16, THREAD_TILE_N=  8, IS_ALIGNED_M=  1
M=2720, N=4096, K=4096, cost=   1.833, config=BLOCK_TILE_M=128, BLOCK_TILE_N=128, TILE_K=  8, THREAD_TILE_M=  8, THREAD_TILE_N= 16, IS_ALIGNED_M=  0
M=2752, N=4096, K=4096, cost=   1.833, config=BLOCK_TILE_M=128, BLOCK_TILE_N=128, TILE_K=  8, THREAD_TILE_M=  8, THREAD_TILE_N= 16, IS_ALIGNED_M=  0
M=2784, N=4096, K=4096, cost=   1.833, config=BLOCK_TILE_M=128, BLOCK_TILE_N=128, TILE_K=  8, THREAD_TILE_M=  8, THREAD_TILE_N= 16, IS_ALIGNED_M=  0
M=2816, N=4096, K=4096, cost=   1.822, config=BLOCK_TILE_M=128, BLOCK_TILE_N=128, TILE_K=  8, THREAD_TILE_M= 16, THREAD_TILE_N=  8, IS_ALIGNED_M=  1
M=2848, N=4096, K=4096, cost=   1.840, config=BLOCK_TILE_M=128, BLOCK_TILE_N=128, TILE_K=  8, THREAD_TILE_M=  8, THREAD_TILE_N= 16, IS_ALIGNED_M=  0
M=2880, N=4096, K=4096, cost=   1.834, config=BLOCK_TILE_M=128, BLOCK_TILE_N=128, TILE_K=  8, THREAD_TILE_M=  8, THREAD_TILE_N= 16, IS_ALIGNED_M=  0
M=2912, N=4096, K=4096, cost=   1.843, config=BLOCK_TILE_M=128, BLOCK_TILE_N=128, TILE_K=  8, THREAD_TILE_M=  8, THREAD_TILE_N= 16, IS_ALIGNED_M=  0
M=2944, N=4096, K=4096, cost=   1.825, config=BLOCK_TILE_M=128, BLOCK_TILE_N=128, TILE_K=  8, THREAD_TILE_M= 16, THREAD_TILE_N=  8, IS_ALIGNED_M=  1
M=2976, N=4096, K=4096, cost=   1.856, config=BLOCK_TILE_M=128, BLOCK_TILE_N=128, TILE_K=  8, THREAD_TILE_M= 16, THREAD_TILE_N=  8, IS_ALIGNED_M=  0
M=3008, N=4096, K=4096, cost=   1.856, config=BLOCK_TILE_M=128, BLOCK_TILE_N=128, TILE_K=  8, THREAD_TILE_M= 16, THREAD_TILE_N=  8, IS_ALIGNED_M=  0
M=3040, N=4096, K=4096, cost=   1.857, config=BLOCK_TILE_M=128, BLOCK_TILE_N=128, TILE_K=  8, THREAD_TILE_M= 16, THREAD_TILE_N=  8, IS_ALIGNED_M=  0
M=3072, N=4096, K=4096, cost=   1.831, config=BLOCK_TILE_M=128, BLOCK_TILE_N=128, TILE_K=  8, THREAD_TILE_M= 16, THREAD_TILE_N=  8, IS_ALIGNED_M=  1
M=3104, N=4096, K=4096, cost=   2.160, config=BLOCK_TILE_M=128, BLOCK_TILE_N=128, TILE_K=  8, THREAD_TILE_M=  8, THREAD_TILE_N= 16, IS_ALIGNED_M=  0
M=3136, N=4096, K=4096, cost=   2.159, config=BLOCK_TILE_M=128, BLOCK_TILE_N=128, TILE_K=  8, THREAD_TILE_M=  8, THREAD_TILE_N= 16, IS_ALIGNED_M=  0
M=3168, N=4096, K=4096, cost=   2.159, config=BLOCK_TILE_M=128, BLOCK_TILE_N=128, TILE_K=  8, THREAD_TILE_M=  8, THREAD_TILE_N= 16, IS_ALIGNED_M=  0
M=3200, N=4096, K=4096, cost=   2.159, config=BLOCK_TILE_M=128, BLOCK_TILE_N=128, TILE_K=  8, THREAD_TILE_M=  8, THREAD_TILE_N= 16, IS_ALIGNED_M=  1
M=3232, N=4096, K=4096, cost=   2.165, config=BLOCK_TILE_M=128, BLOCK_TILE_N=128, TILE_K=  8, THREAD_TILE_M=  8, THREAD_TILE_N= 16, IS_ALIGNED_M=  0
M=3264, N=4096, K=4096, cost=   2.161, config=BLOCK_TILE_M= 64, BLOCK_TILE_N=128, TILE_K=  8, THREAD_TILE_M=  8, THREAD_TILE_N=  8, IS_ALIGNED_M=  1
M=3296, N=4096, K=4096, cost=   2.165, config=BLOCK_TILE_M=128, BLOCK_TILE_N=128, TILE_K=  8, THREAD_TILE_M=  8, THREAD_TILE_N= 16, IS_ALIGNED_M=  0
M=3328, N=4096, K=4096, cost=   2.164, config=BLOCK_TILE_M=128, BLOCK_TILE_N=128, TILE_K=  8, THREAD_TILE_M=  8, THREAD_TILE_N= 16, IS_ALIGNED_M=  1
M=3360, N=4096, K=4096, cost=   2.170, config=BLOCK_TILE_M=128, BLOCK_TILE_N=128, TILE_K=  8, THREAD_TILE_M=  8, THREAD_TILE_N= 16, IS_ALIGNED_M=  0
M=3392, N=4096, K=4096, cost=   2.177, config=BLOCK_TILE_M=128, BLOCK_TILE_N=128, TILE_K=  8, THREAD_TILE_M=  8, THREAD_TILE_N= 16, IS_ALIGNED_M=  0
M=3424, N=4096, K=4096, cost=   2.181, config=BLOCK_TILE_M=128, BLOCK_TILE_N=128, TILE_K=  8, THREAD_TILE_M=  8, THREAD_TILE_N= 16, IS_ALIGNED_M=  0
M=3456, N=4096, K=4096, cost=   2.167, config=BLOCK_TILE_M=128, BLOCK_TILE_N=128, TILE_K=  8, THREAD_TILE_M=  8, THREAD_TILE_N= 16, IS_ALIGNED_M=  0
M=3488, N=4096, K=4096, cost=   2.208, config=BLOCK_TILE_M=128, BLOCK_TILE_N=128, TILE_K=  8, THREAD_TILE_M=  8, THREAD_TILE_N= 16, IS_ALIGNED_M=  0
M=3520, N=4096, K=4096, cost=   2.217, config=BLOCK_TILE_M=128, BLOCK_TILE_N=128, TILE_K=  8, THREAD_TILE_M=  8, THREAD_TILE_N= 16, IS_ALIGNED_M=  0
M=3552, N=4096, K=4096, cost=   2.227, config=BLOCK_TILE_M=128, BLOCK_TILE_N=128, TILE_K=  8, THREAD_TILE_M=  8, THREAD_TILE_N= 16, IS_ALIGNED_M=  0
M=3584, N=4096, K=4096, cost=   2.183, config=BLOCK_TILE_M=128, BLOCK_TILE_N=128, TILE_K=  8, THREAD_TILE_M=  8, THREAD_TILE_N= 16, IS_ALIGNED_M=  0
M=3616, N=4096, K=4096, cost=   2.446, config=BLOCK_TILE_M=128, BLOCK_TILE_N=128, TILE_K=  8, THREAD_TILE_M=  8, THREAD_TILE_N= 16, IS_ALIGNED_M=  0
M=3648, N=4096, K=4096, cost=   2.439, config=BLOCK_TILE_M=128, BLOCK_TILE_N=128, TILE_K=  8, THREAD_TILE_M=  8, THREAD_TILE_N= 16, IS_ALIGNED_M=  0
M=3680, N=4096, K=4096, cost=   2.439, config=BLOCK_TILE_M=128, BLOCK_TILE_N=128, TILE_K=  8, THREAD_TILE_M=  8, THREAD_TILE_N= 16, IS_ALIGNED_M=  0
M=3712, N=4096, K=4096, cost=   2.432, config=BLOCK_TILE_M=128, BLOCK_TILE_N=128, TILE_K=  8, THREAD_TILE_M= 16, THREAD_TILE_N=  8, IS_ALIGNED_M=  1
M=3744, N=4096, K=4096, cost=   2.442, config=BLOCK_TILE_M=128, BLOCK_TILE_N=128, TILE_K=  8, THREAD_TILE_M=  8, THREAD_TILE_N= 16, IS_ALIGNED_M=  0
M=3776, N=4096, K=4096, cost=   2.442, config=BLOCK_TILE_M=128, BLOCK_TILE_N=128, TILE_K=  8, THREAD_TILE_M=  8, THREAD_TILE_N= 16, IS_ALIGNED_M=  0
M=3808, N=4096, K=4096, cost=   2.441, config=BLOCK_TILE_M=128, BLOCK_TILE_N=128, TILE_K=  8, THREAD_TILE_M=  8, THREAD_TILE_N= 16, IS_ALIGNED_M=  0
M=3840, N=4096, K=4096, cost=   2.427, config=BLOCK_TILE_M=128, BLOCK_TILE_N=128, TILE_K=  8, THREAD_TILE_M= 16, THREAD_TILE_N=  8, IS_ALIGNED_M=  1
M=3872, N=4096, K=4096, cost=   2.461, config=BLOCK_TILE_M=128, BLOCK_TILE_N=128, TILE_K=  8, THREAD_TILE_M= 16, THREAD_TILE_N=  8, IS_ALIGNED_M=  0
M=3904, N=4096, K=4096, cost=   2.462, config=BLOCK_TILE_M=128, BLOCK_TILE_N=128, TILE_K=  8, THREAD_TILE_M= 16, THREAD_TILE_N=  8, IS_ALIGNED_M=  0
M=3936, N=4096, K=4096, cost=   2.463, config=BLOCK_TILE_M=128, BLOCK_TILE_N=128, TILE_K=  8, THREAD_TILE_M= 16, THREAD_TILE_N=  8, IS_ALIGNED_M=  0
M=3968, N=4096, K=4096, cost=   2.430, config=BLOCK_TILE_M=128, BLOCK_TILE_N=128, TILE_K=  8, THREAD_TILE_M= 16, THREAD_TILE_N=  8, IS_ALIGNED_M=  1
M=4000, N=4096, K=4096, cost=   2.475, config=BLOCK_TILE_M=128, BLOCK_TILE_N=128, TILE_K=  8, THREAD_TILE_M= 16, THREAD_TILE_N=  8, IS_ALIGNED_M=  0
M=4032, N=4096, K=4096, cost=   2.476, config=BLOCK_TILE_M=128, BLOCK_TILE_N=128, TILE_K=  8, THREAD_TILE_M= 16, THREAD_TILE_N=  8, IS_ALIGNED_M=  0
M=4064, N=4096, K=4096, cost=   2.476, config=BLOCK_TILE_M=128, BLOCK_TILE_N=128, TILE_K=  8, THREAD_TILE_M= 16, THREAD_TILE_N=  8, IS_ALIGNED_M=  0
M=4096, N=4096, K=4096, cost=   2.450, config=BLOCK_TILE_M=128, BLOCK_TILE_N=128, TILE_K=  8, THREAD_TILE_M= 16, THREAD_TILE_N=  8, IS_ALIGNED_M=  1
M=4128, N=4096, K=4096, cost=   2.766, config=BLOCK_TILE_M=128, BLOCK_TILE_N=128, TILE_K=  8, THREAD_TILE_M=  8, THREAD_TILE_N= 16, IS_ALIGNED_M=  0
M=4160, N=4096, K=4096, cost=   2.765, config=BLOCK_TILE_M=128, BLOCK_TILE_N=128, TILE_K=  8, THREAD_TILE_M=  8, THREAD_TILE_N= 16, IS_ALIGNED_M=  0
M=4192, N=4096, K=4096, cost=   2.766, config=BLOCK_TILE_M=128, BLOCK_TILE_N=128, TILE_K=  8, THREAD_TILE_M=  8, THREAD_TILE_N= 16, IS_ALIGNED_M=  0
M=4224, N=4096, K=4096, cost=   2.764, config=BLOCK_TILE_M=128, BLOCK_TILE_N=128, TILE_K=  8, THREAD_TILE_M=  8, THREAD_TILE_N= 16, IS_ALIGNED_M=  1
M=4256, N=4096, K=4096, cost=   2.771, config=BLOCK_TILE_M=128, BLOCK_TILE_N=128, TILE_K=  8, THREAD_TILE_M=  8, THREAD_TILE_N= 16, IS_ALIGNED_M=  0
M=4288, N=4096, K=4096, cost=   2.772, config=BLOCK_TILE_M=128, BLOCK_TILE_N=128, TILE_K=  8, THREAD_TILE_M=  8, THREAD_TILE_N= 16, IS_ALIGNED_M=  0
M=4320, N=4096, K=4096, cost=   2.771, config=BLOCK_TILE_M=128, BLOCK_TILE_N=128, TILE_K=  8, THREAD_TILE_M=  8, THREAD_TILE_N= 16, IS_ALIGNED_M=  0
M=4352, N=4096, K=4096, cost=   2.769, config=BLOCK_TILE_M=128, BLOCK_TILE_N=128, TILE_K=  8, THREAD_TILE_M=  8, THREAD_TILE_N= 16, IS_ALIGNED_M=  1
M=4384, N=4096, K=4096, cost=   2.809, config=BLOCK_TILE_M=128, BLOCK_TILE_N=128, TILE_K=  8, THREAD_TILE_M=  8, THREAD_TILE_N= 16, IS_ALIGNED_M=  0
M=4416, N=4096, K=4096, cost=   2.821, config=BLOCK_TILE_M=128, BLOCK_TILE_N=128, TILE_K=  8, THREAD_TILE_M=  8, THREAD_TILE_N= 16, IS_ALIGNED_M=  0
M=4448, N=4096, K=4096, cost=   2.821, config=BLOCK_TILE_M=128, BLOCK_TILE_N=128, TILE_K=  8, THREAD_TILE_M=  8, THREAD_TILE_N= 16, IS_ALIGNED_M=  0
M=4480, N=4096, K=4096, cost=   2.810, config=BLOCK_TILE_M=128, BLOCK_TILE_N=128, TILE_K=  8, THREAD_TILE_M=  8, THREAD_TILE_N= 16, IS_ALIGNED_M=  0
M=4512, N=4096, K=4096, cost=   2.873, config=BLOCK_TILE_M=128, BLOCK_TILE_N=128, TILE_K=  8, THREAD_TILE_M=  8, THREAD_TILE_N= 16, IS_ALIGNED_M=  0
M=4544, N=4096, K=4096, cost=   2.850, config=BLOCK_TILE_M=128, BLOCK_TILE_N=128, TILE_K=  8, THREAD_TILE_M=  8, THREAD_TILE_N= 16, IS_ALIGNED_M=  0
M=4576, N=4096, K=4096, cost=   2.866, config=BLOCK_TILE_M=128, BLOCK_TILE_N=128, TILE_K=  8, THREAD_TILE_M=  8, THREAD_TILE_N= 16, IS_ALIGNED_M=  0
M=4608, N=4096, K=4096, cost=   2.855, config=BLOCK_TILE_M=128, BLOCK_TILE_N=128, TILE_K=  8, THREAD_TILE_M=  8, THREAD_TILE_N= 16, IS_ALIGNED_M=  0
M=4640, N=4096, K=4096, cost=   3.046, config=BLOCK_TILE_M=128, BLOCK_TILE_N=128, TILE_K=  8, THREAD_TILE_M=  8, THREAD_TILE_N= 16, IS_ALIGNED_M=  0
M=4672, N=4096, K=4096, cost=   3.046, config=BLOCK_TILE_M=128, BLOCK_TILE_N=128, TILE_K=  8, THREAD_TILE_M=  8, THREAD_TILE_N= 16, IS_ALIGNED_M=  0
M=4704, N=4096, K=4096, cost=   3.046, config=BLOCK_TILE_M=128, BLOCK_TILE_N=128, TILE_K=  8, THREAD_TILE_M=  8, THREAD_TILE_N= 16, IS_ALIGNED_M=  0
M=4736, N=4096, K=4096, cost=   3.028, config=BLOCK_TILE_M=128, BLOCK_TILE_N=128, TILE_K=  8, THREAD_TILE_M= 16, THREAD_TILE_N=  8, IS_ALIGNED_M=  1
M=4768, N=4096, K=4096, cost=   3.058, config=BLOCK_TILE_M=128, BLOCK_TILE_N=128, TILE_K=  8, THREAD_TILE_M=  8, THREAD_TILE_N= 16, IS_ALIGNED_M=  0
M=4800, N=4096, K=4096, cost=   3.071, config=BLOCK_TILE_M=128, BLOCK_TILE_N=128, TILE_K=  8, THREAD_TILE_M=  8, THREAD_TILE_N= 16, IS_ALIGNED_M=  0
M=4832, N=4096, K=4096, cost=   3.073, config=BLOCK_TILE_M=128, BLOCK_TILE_N=128, TILE_K=  8, THREAD_TILE_M= 16, THREAD_TILE_N=  8, IS_ALIGNED_M=  0
M=4864, N=4096, K=4096, cost=   3.032, config=BLOCK_TILE_M=128, BLOCK_TILE_N=128, TILE_K=  8, THREAD_TILE_M= 16, THREAD_TILE_N=  8, IS_ALIGNED_M=  1
M=4896, N=4096, K=4096, cost=   3.077, config=BLOCK_TILE_M=128, BLOCK_TILE_N=128, TILE_K=  8, THREAD_TILE_M= 16, THREAD_TILE_N=  8, IS_ALIGNED_M=  0
M=4928, N=4096, K=4096, cost=   3.076, config=BLOCK_TILE_M=128, BLOCK_TILE_N=128, TILE_K=  8, THREAD_TILE_M= 16, THREAD_TILE_N=  8, IS_ALIGNED_M=  0
M=4960, N=4096, K=4096, cost=   3.077, config=BLOCK_TILE_M=128, BLOCK_TILE_N=128, TILE_K=  8, THREAD_TILE_M= 16, THREAD_TILE_N=  8, IS_ALIGNED_M=  0
M=4992, N=4096, K=4096, cost=   3.037, config=BLOCK_TILE_M=128, BLOCK_TILE_N=128, TILE_K=  8, THREAD_TILE_M= 16, THREAD_TILE_N=  8, IS_ALIGNED_M=  1
M=5024, N=4096, K=4096, cost=   3.093, config=BLOCK_TILE_M=128, BLOCK_TILE_N=128, TILE_K=  8, THREAD_TILE_M= 16, THREAD_TILE_N=  8, IS_ALIGNED_M=  0
M=5056, N=4096, K=4096, cost=   3.093, config=BLOCK_TILE_M=128, BLOCK_TILE_N=128, TILE_K=  8, THREAD_TILE_M= 16, THREAD_TILE_N=  8, IS_ALIGNED_M=  0
M=5088, N=4096, K=4096, cost=   3.094, config=BLOCK_TILE_M=128, BLOCK_TILE_N=128, TILE_K=  8, THREAD_TILE_M= 16, THREAD_TILE_N=  8, IS_ALIGNED_M=  0
M=5120, N=4096, K=4096, cost=   3.066, config=BLOCK_TILE_M=128, BLOCK_TILE_N=128, TILE_K=  8, THREAD_TILE_M= 16, THREAD_TILE_N=  8, IS_ALIGNED_M=  1
M=5152, N=4096, K=4096, cost=   3.371, config=BLOCK_TILE_M=128, BLOCK_TILE_N=128, TILE_K=  8, THREAD_TILE_M=  8, THREAD_TILE_N= 16, IS_ALIGNED_M=  0
M=5184, N=4096, K=4096, cost=   3.371, config=BLOCK_TILE_M=128, BLOCK_TILE_N=128, TILE_K=  8, THREAD_TILE_M=  8, THREAD_TILE_N= 16, IS_ALIGNED_M=  0
M=5216, N=4096, K=4096, cost=   3.372, config=BLOCK_TILE_M=128, BLOCK_TILE_N=128, TILE_K=  8, THREAD_TILE_M=  8, THREAD_TILE_N= 16, IS_ALIGNED_M=  0
M=5248, N=4096, K=4096, cost=   3.369, config=BLOCK_TILE_M=128, BLOCK_TILE_N=128, TILE_K=  8, THREAD_TILE_M=  8, THREAD_TILE_N= 16, IS_ALIGNED_M=  1
M=5280, N=4096, K=4096, cost=   3.396, config=BLOCK_TILE_M=128, BLOCK_TILE_N=128, TILE_K=  8, THREAD_TILE_M=  8, THREAD_TILE_N= 16, IS_ALIGNED_M=  0
M=5312, N=4096, K=4096, cost=   3.397, config=BLOCK_TILE_M=128, BLOCK_TILE_N=128, TILE_K=  8, THREAD_TILE_M=  8, THREAD_TILE_N= 16, IS_ALIGNED_M=  0
M=5344, N=4096, K=4096, cost=   3.399, config=BLOCK_TILE_M=128, BLOCK_TILE_N=128, TILE_K=  8, THREAD_TILE_M=  8, THREAD_TILE_N= 16, IS_ALIGNED_M=  0
M=5376, N=4096, K=4096, cost=   3.398, config=BLOCK_TILE_M=128, BLOCK_TILE_N=128, TILE_K=  8, THREAD_TILE_M=  8, THREAD_TILE_N= 16, IS_ALIGNED_M=  0
M=5408, N=4096, K=4096, cost=   3.436, config=BLOCK_TILE_M=128, BLOCK_TILE_N=128, TILE_K=  8, THREAD_TILE_M=  8, THREAD_TILE_N= 16, IS_ALIGNED_M=  0
M=5440, N=4096, K=4096, cost=   3.443, config=BLOCK_TILE_M=128, BLOCK_TILE_N=128, TILE_K=  8, THREAD_TILE_M=  8, THREAD_TILE_N= 16, IS_ALIGNED_M=  0
M=5472, N=4096, K=4096, cost=   3.464, config=BLOCK_TILE_M=128, BLOCK_TILE_N=128, TILE_K=  8, THREAD_TILE_M=  8, THREAD_TILE_N= 16, IS_ALIGNED_M=  0
M=5504, N=4096, K=4096, cost=   3.442, config=BLOCK_TILE_M=128, BLOCK_TILE_N=128, TILE_K=  8, THREAD_TILE_M=  8, THREAD_TILE_N= 16, IS_ALIGNED_M=  1
M=5536, N=4096, K=4096, cost=   3.478, config=BLOCK_TILE_M=128, BLOCK_TILE_N=128, TILE_K=  8, THREAD_TILE_M=  8, THREAD_TILE_N= 16, IS_ALIGNED_M=  0
M=5568, N=4096, K=4096, cost=   3.513, config=BLOCK_TILE_M= 64, BLOCK_TILE_N=128, TILE_K=  8, THREAD_TILE_M= 16, THREAD_TILE_N=  8, IS_ALIGNED_M=  0
M=5600, N=4096, K=4096, cost=   3.539, config=BLOCK_TILE_M= 64, BLOCK_TILE_N=128, TILE_K=  8, THREAD_TILE_M= 16, THREAD_TILE_N=  8, IS_ALIGNED_M=  0
M=5632, N=4096, K=4096, cost=   3.510, config=BLOCK_TILE_M=128, BLOCK_TILE_N=128, TILE_K=  8, THREAD_TILE_M=  8, THREAD_TILE_N= 16, IS_ALIGNED_M=  0
M=5664, N=4096, K=4096, cost=   3.657, config=BLOCK_TILE_M=128, BLOCK_TILE_N=128, TILE_K=  8, THREAD_TILE_M=  8, THREAD_TILE_N= 16, IS_ALIGNED_M=  0
M=5696, N=4096, K=4096, cost=   3.662, config=BLOCK_TILE_M=128, BLOCK_TILE_N=128, TILE_K=  8, THREAD_TILE_M=  8, THREAD_TILE_N= 16, IS_ALIGNED_M=  0
M=5728, N=4096, K=4096, cost=   3.662, config=BLOCK_TILE_M=128, BLOCK_TILE_N=128, TILE_K=  8, THREAD_TILE_M=  8, THREAD_TILE_N= 16, IS_ALIGNED_M=  0
M=5760, N=4096, K=4096, cost=   3.633, config=BLOCK_TILE_M=128, BLOCK_TILE_N=128, TILE_K=  8, THREAD_TILE_M= 16, THREAD_TILE_N=  8, IS_ALIGNED_M=  1
M=5792, N=4096, K=4096, cost=   3.686, config=BLOCK_TILE_M=128, BLOCK_TILE_N=128, TILE_K=  8, THREAD_TILE_M= 16, THREAD_TILE_N=  8, IS_ALIGNED_M=  0
M=5824, N=4096, K=4096, cost=   3.687, config=BLOCK_TILE_M=128, BLOCK_TILE_N=128, TILE_K=  8, THREAD_TILE_M= 16, THREAD_TILE_N=  8, IS_ALIGNED_M=  0
M=5856, N=4096, K=4096, cost=   3.685, config=BLOCK_TILE_M=128, BLOCK_TILE_N=128, TILE_K=  8, THREAD_TILE_M= 16, THREAD_TILE_N=  8, IS_ALIGNED_M=  0
M=5888, N=4096, K=4096, cost=   3.637, config=BLOCK_TILE_M=128, BLOCK_TILE_N=128, TILE_K=  8, THREAD_TILE_M= 16, THREAD_TILE_N=  8, IS_ALIGNED_M=  1
M=5920, N=4096, K=4096, cost=   3.693, config=BLOCK_TILE_M=128, BLOCK_TILE_N=128, TILE_K=  8, THREAD_TILE_M= 16, THREAD_TILE_N=  8, IS_ALIGNED_M=  0
M=5952, N=4096, K=4096, cost=   3.692, config=BLOCK_TILE_M=128, BLOCK_TILE_N=128, TILE_K=  8, THREAD_TILE_M= 16, THREAD_TILE_N=  8, IS_ALIGNED_M=  0
M=5984, N=4096, K=4096, cost=   3.693, config=BLOCK_TILE_M=128, BLOCK_TILE_N=128, TILE_K=  8, THREAD_TILE_M= 16, THREAD_TILE_N=  8, IS_ALIGNED_M=  0
M=6016, N=4096, K=4096, cost=   3.643, config=BLOCK_TILE_M=128, BLOCK_TILE_N=128, TILE_K=  8, THREAD_TILE_M= 16, THREAD_TILE_N=  8, IS_ALIGNED_M=  1
M=6048, N=4096, K=4096, cost=   3.710, config=BLOCK_TILE_M=128, BLOCK_TILE_N=128, TILE_K=  8, THREAD_TILE_M= 16, THREAD_TILE_N=  8, IS_ALIGNED_M=  0
M=6080, N=4096, K=4096, cost=   3.712, config=BLOCK_TILE_M=128, BLOCK_TILE_N=128, TILE_K=  8, THREAD_TILE_M= 16, THREAD_TILE_N=  8, IS_ALIGNED_M=  0
M=6112, N=4096, K=4096, cost=   3.710, config=BLOCK_TILE_M=128, BLOCK_TILE_N=128, TILE_K=  8, THREAD_TILE_M= 16, THREAD_TILE_N=  8, IS_ALIGNED_M=  0
M=6144, N=4096, K=4096, cost=   3.692, config=BLOCK_TILE_M=128, BLOCK_TILE_N=128, TILE_K=  8, THREAD_TILE_M= 16, THREAD_TILE_N=  8, IS_ALIGNED_M=  1
M=6176, N=4096, K=4096, cost=   3.994, config=BLOCK_TILE_M=128, BLOCK_TILE_N=128, TILE_K=  8, THREAD_TILE_M=  8, THREAD_TILE_N= 16, IS_ALIGNED_M=  0
M=6208, N=4096, K=4096, cost=   3.988, config=BLOCK_TILE_M=128, BLOCK_TILE_N=128, TILE_K=  8, THREAD_TILE_M=  8, THREAD_TILE_N= 16, IS_ALIGNED_M=  0
M=6240, N=4096, K=4096, cost=   3.977, config=BLOCK_TILE_M=128, BLOCK_TILE_N=128, TILE_K=  8, THREAD_TILE_M=  8, THREAD_TILE_N= 16, IS_ALIGNED_M=  0
M=6272, N=4096, K=4096, cost=   3.985, config=BLOCK_TILE_M=128, BLOCK_TILE_N=128, TILE_K=  8, THREAD_TILE_M=  8, THREAD_TILE_N= 16, IS_ALIGNED_M=  0
M=6304, N=4096, K=4096, cost=   4.039, config=BLOCK_TILE_M=128, BLOCK_TILE_N=128, TILE_K=  8, THREAD_TILE_M=  8, THREAD_TILE_N= 16, IS_ALIGNED_M=  0
M=6336, N=4096, K=4096, cost=   4.040, config=BLOCK_TILE_M=128, BLOCK_TILE_N=128, TILE_K=  8, THREAD_TILE_M=  8, THREAD_TILE_N= 16, IS_ALIGNED_M=  0
M=6368, N=4096, K=4096, cost=   4.037, config=BLOCK_TILE_M=128, BLOCK_TILE_N=128, TILE_K=  8, THREAD_TILE_M=  8, THREAD_TILE_N= 16, IS_ALIGNED_M=  0
M=6400, N=4096, K=4096, cost=   4.023, config=BLOCK_TILE_M=128, BLOCK_TILE_N=128, TILE_K=  8, THREAD_TILE_M=  8, THREAD_TILE_N= 16, IS_ALIGNED_M=  0
M=6432, N=4096, K=4096, cost=   4.099, config=BLOCK_TILE_M=128, BLOCK_TILE_N=128, TILE_K=  8, THREAD_TILE_M=  8, THREAD_TILE_N= 16, IS_ALIGNED_M=  0
M=6464, N=4096, K=4096, cost=   4.076, config=BLOCK_TILE_M=128, BLOCK_TILE_N=128, TILE_K=  8, THREAD_TILE_M=  8, THREAD_TILE_N= 16, IS_ALIGNED_M=  0
M=6496, N=4096, K=4096, cost=   4.093, config=BLOCK_TILE_M=128, BLOCK_TILE_N=128, TILE_K=  8, THREAD_TILE_M=  8, THREAD_TILE_N= 16, IS_ALIGNED_M=  0
M=6528, N=4096, K=4096, cost=   4.080, config=BLOCK_TILE_M=128, BLOCK_TILE_N=128, TILE_K=  8, THREAD_TILE_M=  8, THREAD_TILE_N= 16, IS_ALIGNED_M=  1
M=6560, N=4096, K=4096, cost=   4.162, config=BLOCK_TILE_M=128, BLOCK_TILE_N=128, TILE_K=  8, THREAD_TILE_M=  8, THREAD_TILE_N= 16, IS_ALIGNED_M=  0
M=6592, N=4096, K=4096, cost=   4.153, config=BLOCK_TILE_M= 64, BLOCK_TILE_N=128, TILE_K=  8, THREAD_TILE_M= 16, THREAD_TILE_N=  8, IS_ALIGNED_M=  0
M=6624, N=4096, K=4096, cost=   4.169, config=BLOCK_TILE_M=128, BLOCK_TILE_N=128, TILE_K=  8, THREAD_TILE_M=  8, THREAD_TILE_N= 16, IS_ALIGNED_M=  0
M=6656, N=4096, K=4096, cost=   4.147, config=BLOCK_TILE_M=128, BLOCK_TILE_N=128, TILE_K=  8, THREAD_TILE_M=  8, THREAD_TILE_N= 16, IS_ALIGNED_M=  1
M=6688, N=4096, K=4096, cost=   4.277, config=BLOCK_TILE_M=128, BLOCK_TILE_N=128, TILE_K=  8, THREAD_TILE_M=  8, THREAD_TILE_N= 16, IS_ALIGNED_M=  0
M=6720, N=4096, K=4096, cost=   4.296, config=BLOCK_TILE_M=128, BLOCK_TILE_N=128, TILE_K=  8, THREAD_TILE_M= 16, THREAD_TILE_N=  8, IS_ALIGNED_M=  0
M=6752, N=4096, K=4096, cost=   4.296, config=BLOCK_TILE_M=128, BLOCK_TILE_N=128, TILE_K=  8, THREAD_TILE_M= 16, THREAD_TILE_N=  8, IS_ALIGNED_M=  0
M=6784, N=4096, K=4096, cost=   4.237, config=BLOCK_TILE_M=128, BLOCK_TILE_N=128, TILE_K=  8, THREAD_TILE_M= 16, THREAD_TILE_N=  8, IS_ALIGNED_M=  1
M=6816, N=4096, K=4096, cost=   4.302, config=BLOCK_TILE_M=128, BLOCK_TILE_N=128, TILE_K=  8, THREAD_TILE_M= 16, THREAD_TILE_N=  8, IS_ALIGNED_M=  0
M=6848, N=4096, K=4096, cost=   4.301, config=BLOCK_TILE_M=128, BLOCK_TILE_N=128, TILE_K=  8, THREAD_TILE_M= 16, THREAD_TILE_N=  8, IS_ALIGNED_M=  0
M=6880, N=4096, K=4096, cost=   4.302, config=BLOCK_TILE_M=128, BLOCK_TILE_N=128, TILE_K=  8, THREAD_TILE_M= 16, THREAD_TILE_N=  8, IS_ALIGNED_M=  0
M=6912, N=4096, K=4096, cost=   4.242, config=BLOCK_TILE_M=128, BLOCK_TILE_N=128, TILE_K=  8, THREAD_TILE_M= 16, THREAD_TILE_N=  8, IS_ALIGNED_M=  1
M=6944, N=4096, K=4096, cost=   4.309, config=BLOCK_TILE_M=128, BLOCK_TILE_N=128, TILE_K=  8, THREAD_TILE_M= 16, THREAD_TILE_N=  8, IS_ALIGNED_M=  0
M=6976, N=4096, K=4096, cost=   4.308, config=BLOCK_TILE_M=128, BLOCK_TILE_N=128, TILE_K=  8, THREAD_TILE_M= 16, THREAD_TILE_N=  8, IS_ALIGNED_M=  0
M=7008, N=4096, K=4096, cost=   4.308, config=BLOCK_TILE_M=128, BLOCK_TILE_N=128, TILE_K=  8, THREAD_TILE_M= 16, THREAD_TILE_N=  8, IS_ALIGNED_M=  0
M=7040, N=4096, K=4096, cost=   4.249, config=BLOCK_TILE_M=128, BLOCK_TILE_N=128, TILE_K=  8, THREAD_TILE_M= 16, THREAD_TILE_N=  8, IS_ALIGNED_M=  1
M=7072, N=4096, K=4096, cost=   4.330, config=BLOCK_TILE_M=128, BLOCK_TILE_N=128, TILE_K=  8, THREAD_TILE_M= 16, THREAD_TILE_N=  8, IS_ALIGNED_M=  0
M=7104, N=4096, K=4096, cost=   4.328, config=BLOCK_TILE_M=128, BLOCK_TILE_N=128, TILE_K=  8, THREAD_TILE_M= 16, THREAD_TILE_N=  8, IS_ALIGNED_M=  0
M=7136, N=4096, K=4096, cost=   4.330, config=BLOCK_TILE_M=128, BLOCK_TILE_N=128, TILE_K=  8, THREAD_TILE_M= 16, THREAD_TILE_N=  8, IS_ALIGNED_M=  0
M=7168, N=4096, K=4096, cost=   4.288, config=BLOCK_TILE_M=128, BLOCK_TILE_N=128, TILE_K=  8, THREAD_TILE_M= 16, THREAD_TILE_N=  8, IS_ALIGNED_M=  1
M=7200, N=4096, K=4096, cost=   4.611, config=BLOCK_TILE_M=128, BLOCK_TILE_N=128, TILE_K=  8, THREAD_TILE_M=  8, THREAD_TILE_N= 16, IS_ALIGNED_M=  0
M=7232, N=4096, K=4096, cost=   4.623, config=BLOCK_TILE_M=128, BLOCK_TILE_N=128, TILE_K=  8, THREAD_TILE_M=  8, THREAD_TILE_N= 16, IS_ALIGNED_M=  0
M=7264, N=4096, K=4096, cost=   4.625, config=BLOCK_TILE_M=128, BLOCK_TILE_N=128, TILE_K=  8, THREAD_TILE_M=  8, THREAD_TILE_N= 16, IS_ALIGNED_M=  0
M=7296, N=4096, K=4096, cost=   4.622, config=BLOCK_TILE_M=128, BLOCK_TILE_N=128, TILE_K=  8, THREAD_TILE_M=  8, THREAD_TILE_N= 16, IS_ALIGNED_M=  0
M=7328, N=4096, K=4096, cost=   4.660, config=BLOCK_TILE_M=128, BLOCK_TILE_N=128, TILE_K=  8, THREAD_TILE_M=  8, THREAD_TILE_N= 16, IS_ALIGNED_M=  0
M=7360, N=4096, K=4096, cost=   4.665, config=BLOCK_TILE_M=128, BLOCK_TILE_N=128, TILE_K=  8, THREAD_TILE_M=  8, THREAD_TILE_N= 16, IS_ALIGNED_M=  0
M=7392, N=4096, K=4096, cost=   4.667, config=BLOCK_TILE_M=128, BLOCK_TILE_N=128, TILE_K=  8, THREAD_TILE_M=  8, THREAD_TILE_N= 16, IS_ALIGNED_M=  0
M=7424, N=4096, K=4096, cost=   4.685, config=BLOCK_TILE_M=128, BLOCK_TILE_N=128, TILE_K=  8, THREAD_TILE_M=  8, THREAD_TILE_N= 16, IS_ALIGNED_M=  0
M=7456, N=4096, K=4096, cost=   4.748, config=BLOCK_TILE_M=128, BLOCK_TILE_N=128, TILE_K=  8, THREAD_TILE_M=  8, THREAD_TILE_N= 16, IS_ALIGNED_M=  0
M=7488, N=4096, K=4096, cost=   4.756, config=BLOCK_TILE_M=128, BLOCK_TILE_N=128, TILE_K=  8, THREAD_TILE_M=  8, THREAD_TILE_N= 16, IS_ALIGNED_M=  0
M=7520, N=4096, K=4096, cost=   4.762, config=BLOCK_TILE_M=128, BLOCK_TILE_N=128, TILE_K=  8, THREAD_TILE_M=  8, THREAD_TILE_N= 16, IS_ALIGNED_M=  0
M=7552, N=4096, K=4096, cost=   4.756, config=BLOCK_TILE_M=128, BLOCK_TILE_N=128, TILE_K=  8, THREAD_TILE_M=  8, THREAD_TILE_N= 16, IS_ALIGNED_M=  1
M=7584, N=4096, K=4096, cost=   4.798, config=BLOCK_TILE_M= 64, BLOCK_TILE_N=128, TILE_K=  8, THREAD_TILE_M= 16, THREAD_TILE_N=  8, IS_ALIGNED_M=  0
M=7616, N=4096, K=4096, cost=   4.797, config=BLOCK_TILE_M= 64, BLOCK_TILE_N=128, TILE_K=  8, THREAD_TILE_M= 16, THREAD_TILE_N=  8, IS_ALIGNED_M=  0
M=7648, N=4096, K=4096, cost=   4.830, config=BLOCK_TILE_M= 64, BLOCK_TILE_N=128, TILE_K=  8, THREAD_TILE_M= 16, THREAD_TILE_N=  8, IS_ALIGNED_M=  0
M=7680, N=4096, K=4096, cost=   4.818, config=BLOCK_TILE_M=128, BLOCK_TILE_N=128, TILE_K=  8, THREAD_TILE_M=  8, THREAD_TILE_N= 16, IS_ALIGNED_M=  0
M=7712, N=4096, K=4096, cost=   4.909, config=BLOCK_TILE_M=128, BLOCK_TILE_N=128, TILE_K=  8, THREAD_TILE_M= 16, THREAD_TILE_N=  8, IS_ALIGNED_M=  0
M=7744, N=4096, K=4096, cost=   4.908, config=BLOCK_TILE_M=128, BLOCK_TILE_N=128, TILE_K=  8, THREAD_TILE_M= 16, THREAD_TILE_N=  8, IS_ALIGNED_M=  0
M=7776, N=4096, K=4096, cost=   4.909, config=BLOCK_TILE_M=128, BLOCK_TILE_N=128, TILE_K=  8, THREAD_TILE_M= 16, THREAD_TILE_N=  8, IS_ALIGNED_M=  0
M=7808, N=4096, K=4096, cost=   4.841, config=BLOCK_TILE_M=128, BLOCK_TILE_N=128, TILE_K=  8, THREAD_TILE_M= 16, THREAD_TILE_N=  8, IS_ALIGNED_M=  1
M=7840, N=4096, K=4096, cost=   4.916, config=BLOCK_TILE_M=128, BLOCK_TILE_N=128, TILE_K=  8, THREAD_TILE_M= 16, THREAD_TILE_N=  8, IS_ALIGNED_M=  0
M=7872, N=4096, K=4096, cost=   4.916, config=BLOCK_TILE_M=128, BLOCK_TILE_N=128, TILE_K=  8, THREAD_TILE_M= 16, THREAD_TILE_N=  8, IS_ALIGNED_M=  0
M=7904, N=4096, K=4096, cost=   4.916, config=BLOCK_TILE_M=128, BLOCK_TILE_N=128, TILE_K=  8, THREAD_TILE_M= 16, THREAD_TILE_N=  8, IS_ALIGNED_M=  0
M=7936, N=4096, K=4096, cost=   4.848, config=BLOCK_TILE_M=128, BLOCK_TILE_N=128, TILE_K=  8, THREAD_TILE_M= 16, THREAD_TILE_N=  8, IS_ALIGNED_M=  1
M=7968, N=4096, K=4096, cost=   4.924, config=BLOCK_TILE_M=128, BLOCK_TILE_N=128, TILE_K=  8, THREAD_TILE_M= 16, THREAD_TILE_N=  8, IS_ALIGNED_M=  0
M=8000, N=4096, K=4096, cost=   4.923, config=BLOCK_TILE_M=128, BLOCK_TILE_N=128, TILE_K=  8, THREAD_TILE_M= 16, THREAD_TILE_N=  8, IS_ALIGNED_M=  0
M=8032, N=4096, K=4096, cost=   4.924, config=BLOCK_TILE_M=128, BLOCK_TILE_N=128, TILE_K=  8, THREAD_TILE_M= 16, THREAD_TILE_N=  8, IS_ALIGNED_M=  0
M=8064, N=4096, K=4096, cost=   4.855, config=BLOCK_TILE_M=128, BLOCK_TILE_N=128, TILE_K=  8, THREAD_TILE_M= 16, THREAD_TILE_N=  8, IS_ALIGNED_M=  1
M=8096, N=4096, K=4096, cost=   4.945, config=BLOCK_TILE_M=128, BLOCK_TILE_N=128, TILE_K=  8, THREAD_TILE_M= 16, THREAD_TILE_N=  8, IS_ALIGNED_M=  0
M=8128, N=4096, K=4096, cost=   4.948, config=BLOCK_TILE_M=128, BLOCK_TILE_N=128, TILE_K=  8, THREAD_TILE_M= 16, THREAD_TILE_N=  8, IS_ALIGNED_M=  0
M=8160, N=4096, K=4096, cost=   4.945, config=BLOCK_TILE_M=128, BLOCK_TILE_N=128, TILE_K=  8, THREAD_TILE_M= 16, THREAD_TILE_N=  8, IS_ALIGNED_M=  0
M=8192, N=4096, K=4096, cost=   4.899, config=BLOCK_TILE_M=128, BLOCK_TILE_N=128, TILE_K=  8, THREAD_TILE_M= 16, THREAD_TILE_N=  8, IS_ALIGNED_M=  1
